[debug] [2022-04-11T02:53:54.235Z] ----------------------------------------------------------------------
[debug] [2022-04-11T02:53:54.243Z] Command:       /home/akane/.nvm/versions/node/v17.5.0/bin/node /home/akane/.nvm/versions/node/v17.5.0/bin/firebase init
[debug] [2022-04-11T02:53:54.245Z] CLI Version:   10.6.0
[debug] [2022-04-11T02:53:54.245Z] Platform:      linux
[debug] [2022-04-11T02:53:54.245Z] Node Version:  v17.5.0
[debug] [2022-04-11T02:53:54.247Z] Time:          Sun Apr 10 2022 21:53:54 GMT-0500 (hora estándar de Colombia)
[debug] [2022-04-11T02:53:54.247Z] ----------------------------------------------------------------------
[debug] 
[debug] [2022-04-11T02:53:54.268Z] > command requires scopes: ["email","openid","https://www.googleapis.com/auth/cloudplatformprojects.readonly","https://www.googleapis.com/auth/firebase","https://www.googleapis.com/auth/cloud-platform"]
[debug] [2022-04-11T02:53:54.271Z] > authorizing via signed-in user (alonedragon12@gmail.com)
[info] 
     ######## #### ########  ######## ########     ###     ######  ########
     ##        ##  ##     ## ##       ##     ##  ##   ##  ##       ##
     ######    ##  ########  ######   ########  #########  ######  ######
     ##        ##  ##    ##  ##       ##     ## ##     ##       ## ##
     ##       #### ##     ## ######## ########  ##     ##  ######  ########

You're about to initialize a Firebase project in this directory:

  /home/akane/Repositorios/Academia Geek/firestore-crud

[info] 
=== Project Setup
[info] 
[info] First, let's associate this project directory with a Firebase project.
[info] You can create multiple project aliases by running firebase use --add, 
[info] but for now we'll just set up a default project.
[info] 
[debug] [2022-04-11T02:56:11.428Z] >>> [apiv2][query] GET https://firebase.googleapis.com/v1beta1/projects pageSize=100
[debug] [2022-04-11T02:56:12.300Z] <<< [apiv2][status] GET https://firebase.googleapis.com/v1beta1/projects 200
[debug] [2022-04-11T02:56:12.301Z] <<< [apiv2][body] GET https://firebase.googleapis.com/v1beta1/projects [omitted]
[info] i  Using project crud-fb-13ec2 (crud-fb) 
[info] 
=== Hosting Setup
[info] 
[info] Your public directory is the folder (relative to your project directory) that
[info] will contain Hosting assets to be uploaded with firebase deploy. If you
[info] have a build process for your assets, use your build's output directory.
[info] 
[info] ✔  Wrote build/404.html 
[debug] [2022-04-11T02:57:46.801Z] >>> [apiv2][query] GET https://www.gstatic.com/firebasejs/releases.json [none]
[debug] [2022-04-11T02:57:47.075Z] <<< [apiv2][status] GET https://www.gstatic.com/firebasejs/releases.json 200
[debug] [2022-04-11T02:57:47.077Z] <<< [apiv2][body] GET https://www.gstatic.com/firebasejs/releases.json {"current":{"version":"9.6.10","browserURL":"https://www.gstatic.com/firebasejs/9.6.10/firebase.js","packageURL":"https://www.gstatic.com/firebasejs/9.6.10/firebase.tgz"},"live":{"version":"9.6","browserURL":"https://www.gstatic.com/firebasejs/live/9.6/firebase.js","packageURL":"https://www.gstatic.com/firebasejs/live/9.6/firebase.tgz"},"components":{"analytics":"https://www.gstatic.com/firebasejs/9.6.10/firebase-analytics.js","app":"https://www.gstatic.com/firebasejs/9.6.10/firebase-app.js","app-check":"https://www.gstatic.com/firebasejs/9.6.10/firebase-app-check.js","auth":"https://www.gstatic.com/firebasejs/9.6.10/firebase-auth.js","auth/cordova":"https://www.gstatic.com/firebasejs/9.6.10/firebase-auth/cordova.js","auth/react-native":"https://www.gstatic.com/firebasejs/9.6.10/firebase-auth/react-native.js","functions":"https://www.gstatic.com/firebasejs/9.6.10/firebase-functions.js","firestore":"https://www.gstatic.com/firebasejs/9.6.10/firebase-firestore.js","firestore/lite":"https://www.gstatic.com/firebasejs/9.6.10/firebase-firestore/lite.js","storage":"https://www.gstatic.com/firebasejs/9.6.10/firebase-storage.js","performance":"https://www.gstatic.com/firebasejs/9.6.10/firebase-performance.js","remote-config":"https://www.gstatic.com/firebasejs/9.6.10/firebase-remote-config.js","messaging":"https://www.gstatic.com/firebasejs/9.6.10/firebase-messaging.js","messaging/sw":"https://www.gstatic.com/firebasejs/9.6.10/firebase-messaging/sw.js","database":"https://www.gstatic.com/firebasejs/9.6.10/firebase-database.js","firestore.memory":"https://www.gstatic.com/firebasejs/9.6.10/firebase-firestore.memory.js"}}
[info] ✔  Wrote build/index.html 
[info] 
[info] i  Detected a .git folder at /home/akane/Repositorios/Academia Geek/firestore-crud 
[info] i  Authorizing with GitHub to upload your service account to a GitHub repository's secrets store. 
[info] 
[info] Visit this URL on this device to log in:
[info] https://github.com/login/oauth/authorize?client_id=89cf50f02ac6aaed3484&state=519008375&redirect_uri=http%3A%2F%2Flocalhost%3A9005&scope=read%3Auser%20repo%20public_repo
[info] 
[info] Waiting for authentication...
[debug] [2022-04-11T02:58:08.244Z] >>> HTTP REQUEST POST https://github.com/login/oauth/access_token  
 {"client_id":"89cf50f02ac6aaed3484","client_secret":"3330d14abc895d9a74d5f17cd7a00711fa2c5bf0","code":"c2022994af3d5a4b91e4","redirect_uri":"http://localhost:9005","state":"519008375"}
[debug] [2022-04-11T02:58:08.801Z] <<< HTTP RESPONSE 200 {"server":"GitHub.com","date":"Mon, 11 Apr 2022 02:58:08 GMT","content-type":"application/json; charset=utf-8","transfer-encoding":"chunked","vary":"X-PJAX, X-PJAX-Container, Accept-Encoding, Accept, X-Requested-With","permissions-policy":"interest-cohort=()","etag":"W/\"97bfa52a175f206167cfc5d19a51c11d\"","cache-control":"max-age=0, private, must-revalidate","strict-transport-security":"max-age=31536000; includeSubdomains; preload","x-frame-options":"deny","x-content-type-options":"nosniff","x-xss-protection":"0","referrer-policy":"origin-when-cross-origin, strict-origin-when-cross-origin","expect-ct":"max-age=2592000, report-uri=\"https://api.github.com/_private/browser/errors\"","content-security-policy":"default-src 'none'; base-uri 'self'; block-all-mixed-content; child-src github.com/assets-cdn/worker/ gist.github.com/assets-cdn/worker/; connect-src 'self' uploads.github.com objects-origin.githubusercontent.com www.githubstatus.com collector.github.com raw.githubusercontent.com api.github.com github-cloud.s3.amazonaws.com github-production-repository-file-5c1aeb.s3.amazonaws.com github-production-upload-manifest-file-7fdce7.s3.amazonaws.com github-production-user-asset-6210df.s3.amazonaws.com cdn.optimizely.com logx.optimizely.com/v1/events translator.github.com *.actions.githubusercontent.com wss://*.actions.githubusercontent.com online.visualstudio.com/api/v1/locations github-production-repository-image-32fea6.s3.amazonaws.com github-production-release-asset-2e65be.s3.amazonaws.com insights.github.com wss://alive.github.com; font-src github.githubassets.com; form-action 'self' github.com gist.github.com objects-origin.githubusercontent.com; frame-ancestors 'none'; frame-src render.githubusercontent.com viewscreen.githubusercontent.com notebooks.githubusercontent.com; img-src 'self' data: github.githubassets.com identicons.github.com github-cloud.s3.amazonaws.com secured-user-images.githubusercontent.com/ *.githubusercontent.com; manifest-src 'self'; media-src github.com user-images.githubusercontent.com/; script-src github.githubassets.com; style-src 'unsafe-inline' github.githubassets.com; worker-src github.com/assets-cdn/worker/ gist.github.com/assets-cdn/worker/","x-github-request-id":"8D92:1FCD:979A17:148CBA9:62539940"}
[debug] [2022-04-11T02:58:08.810Z] >>> [apiv2][query] GET https://api.github.com/user [none]
[debug] [2022-04-11T02:58:09.294Z] <<< [apiv2][status] GET https://api.github.com/user 200
[debug] [2022-04-11T02:58:09.296Z] <<< [apiv2][body] GET https://api.github.com/user {"login":"JacobGonzalezPastor","id":88253801,"node_id":"MDQ6VXNlcjg4MjUzODAx","avatar_url":"https://avatars.githubusercontent.com/u/88253801?v=4","gravatar_id":"","url":"https://api.github.com/users/JacobGonzalezPastor","html_url":"https://github.com/JacobGonzalezPastor","followers_url":"https://api.github.com/users/JacobGonzalezPastor/followers","following_url":"https://api.github.com/users/JacobGonzalezPastor/following{/other_user}","gists_url":"https://api.github.com/users/JacobGonzalezPastor/gists{/gist_id}","starred_url":"https://api.github.com/users/JacobGonzalezPastor/starred{/owner}{/repo}","subscriptions_url":"https://api.github.com/users/JacobGonzalezPastor/subscriptions","organizations_url":"https://api.github.com/users/JacobGonzalezPastor/orgs","repos_url":"https://api.github.com/users/JacobGonzalezPastor/repos","events_url":"https://api.github.com/users/JacobGonzalezPastor/events{/privacy}","received_events_url":"https://api.github.com/users/JacobGonzalezPastor/received_events","type":"User","site_admin":false,"name":null,"company":null,"blog":"","location":null,"email":null,"hireable":null,"bio":null,"twitter_username":null,"public_repos":15,"public_gists":0,"followers":0,"following":0,"created_at":"2021-07-31T21:11:04Z","updated_at":"2022-03-30T21:42:14Z","private_gists":0,"total_private_repos":1,"owned_private_repos":1,"disk_usage":49271,"collaborators":2,"two_factor_authentication":false,"plan":{"name":"free","space":976562499,"collaborators":0,"private_repos":10000}}
[info] 
[info] ✔  Success! Logged into GitHub as JacobGonzalezPastor 
[info] 
